[2022-06-22T22:36:53.439] [DEBUG] cheese - login => username:admin,password:123456
[2022-06-22T22:36:53.443] [DEBUG] cheese - admin
[2022-06-22T22:36:53.460] [DEBUG] cheese - null
[2022-06-22T22:36:53.461] [DEBUG] cheese - null
[2022-06-22T22:38:48.080] [DEBUG] cheese - login => username:admin,password:123456
[2022-06-22T22:38:48.080] [DEBUG] cheese - admin
[2022-06-22T22:38:48.086] [DEBUG] cheese - null
[2022-06-22T22:38:48.086] [DEBUG] cheese - null
[2022-06-22T22:45:35.672] [DEBUG] cheese - login => username:admin,password:123456
[2022-06-22T22:45:35.675] [DEBUG] cheese - admin
[2022-06-22T22:45:35.726] [DEBUG] cheese - null
[2022-06-22T22:45:35.727] [DEBUG] cheese - null
[2022-06-22T22:48:48.689] [DEBUG] cheese - login => username:admin,password:123456
[2022-06-22T22:48:48.689] [DEBUG] cheese - admin
[2022-06-22T22:48:48.693] [DEBUG] cheese - null
[2022-06-22T22:48:48.693] [DEBUG] cheese - null
[2022-06-22T23:07:03.264] [DEBUG] cheese - login => username:admin,password:123456
[2022-06-22T23:07:03.265] [DEBUG] cheese - admin
[2022-06-22T23:07:03.269] [DEBUG] cheese - null
[2022-06-22T23:07:03.270] [DEBUG] cheese - null
[2022-06-23T22:05:54.854] [DEBUG] cheese - login => username:admin,password:123456
[2022-06-23T22:05:54.858] [DEBUG] cheese - admin
[2022-06-23T22:05:54.896] [DEBUG] cheese - null
[2022-06-23T22:05:54.897] [DEBUG] cheese - null
[2022-06-25T11:14:40.824] [DEBUG] cheese - login => username:admin,password:123456
[2022-06-25T11:14:40.825] [DEBUG] cheese - admin
[2022-06-25T11:14:40.894] [DEBUG] cheese - null
[2022-06-25T11:14:40.895] [DEBUG] cheese - null
[2022-06-27T22:12:42.298] [DEBUG] cheese - login => username:sss,password:sss
[2022-06-27T22:12:42.304] [DEBUG] cheese - sss
[2022-06-27T22:12:42.347] [DEBUG] cheese - null
[2022-06-27T22:12:42.348] [DEBUG] cheese - null
[2022-06-27T22:16:55.456] [DEBUG] cheese - login => username:sdsd,password:sdsd
[2022-06-27T22:16:55.456] [DEBUG] cheese - sdsd
[2022-06-27T22:16:55.465] [DEBUG] cheese - null
[2022-06-27T22:16:55.465] [DEBUG] cheese - null
[2022-06-27T22:23:58.760] [DEBUG] cheese - login => username:aaaa,password:aaa
[2022-06-27T22:23:58.762] [DEBUG] cheese - aaaa
[2022-06-27T22:23:58.778] [DEBUG] cheese - null
[2022-06-27T22:23:58.779] [DEBUG] cheese - null
[2022-06-27T22:25:50.799] [DEBUG] cheese - login => username:cada,password:ss
[2022-06-27T22:25:50.799] [DEBUG] cheese - cada
[2022-06-27T22:25:50.804] [DEBUG] cheese - null
[2022-06-27T22:25:50.804] [DEBUG] cheese - null
[2022-06-27T22:26:11.054] [DEBUG] cheese - login => username:sdsad,password:asdsad
[2022-06-27T22:26:11.055] [DEBUG] cheese - sdsad
[2022-06-27T22:26:11.059] [DEBUG] cheese - null
[2022-06-27T22:26:11.060] [DEBUG] cheese - null
[2022-06-27T22:26:40.973] [DEBUG] cheese - login => username:wq,password:qwq
[2022-06-27T22:26:40.974] [DEBUG] cheese - wq
[2022-06-27T22:26:40.977] [DEBUG] cheese - null
[2022-06-27T22:26:40.977] [DEBUG] cheese - null
[2022-06-30T22:35:04.438] [DEBUG] cheese - login => username:admin,password:123456
[2022-06-30T22:35:04.440] [DEBUG] cheese - admin
[2022-06-30T22:35:04.539] [DEBUG] cheese - null
[2022-06-30T22:35:04.539] [DEBUG] cheese - null
[2022-06-30T22:35:19.008] [DEBUG] cheese - login => username:admin,password:1234562
[2022-06-30T22:35:19.009] [DEBUG] cheese - admin
[2022-06-30T22:35:19.013] [DEBUG] cheese - null
[2022-06-30T22:35:19.013] [DEBUG] cheese - null
[2022-06-30T22:35:44.275] [DEBUG] cheese - login => username:admin,password:123
[2022-06-30T22:35:44.275] [DEBUG] cheese - admin
[2022-06-30T22:35:44.282] [DEBUG] cheese - null
[2022-06-30T22:35:44.283] [DEBUG] cheese - null
[2022-06-30T22:37:59.541] [DEBUG] cheese - login => username:www,password:wwww
[2022-06-30T22:37:59.541] [DEBUG] cheese - www
[2022-06-30T22:37:59.552] [DEBUG] cheese - null
[2022-06-30T22:37:59.552] [DEBUG] cheese - null
[2022-06-30T22:40:56.628] [DEBUG] cheese - login => username:sdsds,password:sdsd
[2022-06-30T22:40:56.628] [DEBUG] cheese - sdsds
[2022-06-30T22:40:56.640] [DEBUG] cheese - null
[2022-06-30T22:40:56.640] [DEBUG] cheese - null
[2022-06-30T22:41:16.025] [DEBUG] cheese - login => username:qwqw,password:qwqw
[2022-06-30T22:41:16.025] [DEBUG] cheese - qwqw
[2022-06-30T22:41:16.029] [DEBUG] cheese - null
[2022-06-30T22:41:16.030] [DEBUG] cheese - null
[2022-06-30T22:41:31.012] [DEBUG] cheese - login => username:admin,password:1234567
[2022-06-30T22:41:31.013] [DEBUG] cheese - admin
[2022-06-30T22:41:31.021] [DEBUG] cheese - null
[2022-06-30T22:41:31.021] [DEBUG] cheese - null
[2022-06-30T22:41:40.505] [DEBUG] cheese - login => username:admin,password:123456
[2022-06-30T22:41:40.505] [DEBUG] cheese - admin
[2022-06-30T22:41:40.511] [DEBUG] cheese - null
[2022-06-30T22:41:40.512] [DEBUG] cheese - null
[2022-06-30T22:41:42.326] [DEBUG] cheese - login => username:admin,password:123456
[2022-06-30T22:41:42.327] [DEBUG] cheese - admin
[2022-06-30T22:41:42.331] [DEBUG] cheese - null
[2022-06-30T22:41:42.331] [DEBUG] cheese - null
[2022-06-30T22:43:07.105] [DEBUG] cheese - login => username:admin,password:123456
[2022-06-30T22:43:07.106] [DEBUG] cheese - admin
[2022-06-30T22:43:07.118] [DEBUG] cheese - null
[2022-06-30T22:43:07.118] [DEBUG] cheese - null
[2022-06-30T22:53:52.330] [DEBUG] cheese - login => username:admin,password:123456
[2022-06-30T22:53:52.330] [DEBUG] cheese - admin
[2022-06-30T22:53:52.343] [DEBUG] cheese - null
[2022-06-30T22:53:52.344] [DEBUG] cheese - null
[2022-06-30T22:54:23.825] [DEBUG] cheese - login => username:admin,password:123456
[2022-06-30T22:54:23.825] [DEBUG] cheese - admin
[2022-06-30T22:54:23.834] [DEBUG] cheese - null
[2022-06-30T22:54:23.834] [DEBUG] cheese - null
[2022-07-01T23:33:49.560] [DEBUG] cheese - login => username:admin,password:123456
[2022-07-01T23:33:49.561] [DEBUG] cheese - admin
[2022-07-01T23:33:49.596] [DEBUG] cheese - null
[2022-07-01T23:33:49.596] [DEBUG] cheese - null
[2022-07-01T23:35:49.216] [DEBUG] cheese - login => username:admin,password:123456
[2022-07-01T23:35:49.217] [DEBUG] cheese - admin
[2022-07-01T23:35:49.256] [DEBUG] cheese - null
[2022-07-01T23:35:49.256] [DEBUG] cheese - null
[2022-07-01T23:36:19.896] [DEBUG] cheese - login => username:admin,password:123456
[2022-07-01T23:36:19.896] [DEBUG] cheese - admin
[2022-07-01T23:36:19.901] [DEBUG] cheese - null
[2022-07-01T23:36:19.901] [DEBUG] cheese - null
[2022-08-18T19:59:00.806] [DEBUG] cheese - login => username:aa,password:aa
[2022-08-18T19:59:00.809] [DEBUG] cheese - aa
[2022-08-18T19:59:00.831] [DEBUG] cheese - null
[2022-08-18T19:59:00.832] [DEBUG] cheese - null
[2022-08-18T20:01:05.066] [DEBUG] cheese - login => username:zce,password:$08$lV0Gr4AKx7xH7cCU4KCGCOikNzGPaWIpw9W7A9BONIxoJ2.hGC9qi
[2022-08-18T20:01:05.067] [DEBUG] cheese - zce
[2022-08-18T20:01:05.071] [DEBUG] cheese - null
[2022-08-18T20:01:05.071] [DEBUG] cheese - null
[2022-08-18T20:01:11.298] [DEBUG] cheese - login => username:zce,password:$08$lV0Gr4AKx7xH7cCU4KCGCOikNzGPaWIpw9W7A9BONIxoJ2.hGC9qi
[2022-08-18T20:01:11.298] [DEBUG] cheese - zce
[2022-08-18T20:01:11.302] [DEBUG] cheese - null
[2022-08-18T20:01:11.302] [DEBUG] cheese - null
[2022-08-18T20:02:58.246] [DEBUG] cheese - login => username:cjf,password:123
[2022-08-18T20:02:58.246] [DEBUG] cheese - cjf
[2022-08-18T20:02:58.250] [DEBUG] cheese - null
[2022-08-18T20:02:58.250] [DEBUG] cheese - null
[2022-08-18T20:07:43.938] [DEBUG] cheese - login => username:aa,password:aa
[2022-08-18T20:07:43.939] [DEBUG] cheese - aa
[2022-08-18T20:07:43.943] [DEBUG] cheese - null
[2022-08-18T20:07:43.943] [DEBUG] cheese - null
[2022-08-18T20:07:54.026] [DEBUG] cheese - login => username:aa,password:ss
[2022-08-18T20:07:54.026] [DEBUG] cheese - aa
[2022-08-18T20:07:54.030] [DEBUG] cheese - null
[2022-08-18T20:07:54.030] [DEBUG] cheese - null
[2022-08-18T20:08:37.357] [DEBUG] cheese - login => username:admin,password:123456
[2022-08-18T20:08:37.357] [DEBUG] cheese - admin
[2022-08-18T20:08:37.363] [DEBUG] cheese - null
[2022-08-18T20:08:37.363] [DEBUG] cheese - null
[2022-08-18T20:08:38.335] [DEBUG] cheese - login => username:admin,password:123456
[2022-08-18T20:08:38.335] [DEBUG] cheese - admin
[2022-08-18T20:08:38.340] [DEBUG] cheese - null
[2022-08-18T20:08:38.340] [DEBUG] cheese - null
[2022-08-18T20:08:38.897] [DEBUG] cheese - login => username:admin,password:123456
[2022-08-18T20:08:38.897] [DEBUG] cheese - admin
[2022-08-18T20:08:38.901] [DEBUG] cheese - null
[2022-08-18T20:08:38.901] [DEBUG] cheese - null
[2022-08-18T20:08:42.957] [DEBUG] cheese - login => username:admin,password:123456
[2022-08-18T20:08:42.957] [DEBUG] cheese - admin
[2022-08-18T20:08:42.960] [DEBUG] cheese - null
[2022-08-18T20:08:42.960] [DEBUG] cheese - null
[2022-08-18T20:08:43.876] [DEBUG] cheese - login => username:admin,password:123456
[2022-08-18T20:08:43.876] [DEBUG] cheese - admin
[2022-08-18T20:08:43.880] [DEBUG] cheese - null
[2022-08-18T20:08:43.880] [DEBUG] cheese - null
[2022-08-18T20:08:44.374] [DEBUG] cheese - login => username:admin,password:123456
[2022-08-18T20:08:44.374] [DEBUG] cheese - admin
[2022-08-18T20:08:44.376] [DEBUG] cheese - null
[2022-08-18T20:08:44.377] [DEBUG] cheese - null
[2022-08-18T20:08:44.845] [DEBUG] cheese - login => username:admin,password:123456
[2022-08-18T20:08:44.845] [DEBUG] cheese - admin
[2022-08-18T20:08:44.848] [DEBUG] cheese - null
[2022-08-18T20:08:44.848] [DEBUG] cheese - null
[2022-08-18T20:08:45.219] [DEBUG] cheese - login => username:admin,password:123456
[2022-08-18T20:08:45.219] [DEBUG] cheese - admin
[2022-08-18T20:08:45.222] [DEBUG] cheese - null
[2022-08-18T20:08:45.222] [DEBUG] cheese - null
[2022-08-18T20:08:45.788] [DEBUG] cheese - login => username:admin,password:123456
[2022-08-18T20:08:45.789] [DEBUG] cheese - admin
[2022-08-18T20:08:45.792] [DEBUG] cheese - null
[2022-08-18T20:08:45.792] [DEBUG] cheese - null
[2022-08-18T20:08:46.387] [DEBUG] cheese - login => username:admin,password:123456
[2022-08-18T20:08:46.387] [DEBUG] cheese - admin
[2022-08-18T20:08:46.390] [DEBUG] cheese - null
[2022-08-18T20:08:46.390] [DEBUG] cheese - null
[2022-08-18T20:08:46.875] [DEBUG] cheese - login => username:admin,password:123456
[2022-08-18T20:08:46.876] [DEBUG] cheese - admin
[2022-08-18T20:08:46.879] [DEBUG] cheese - null
[2022-08-18T20:08:46.879] [DEBUG] cheese - null
[2022-08-18T20:13:18.181] [DEBUG] cheese - login => username:admin,password:aa
[2022-08-18T20:13:18.181] [DEBUG] cheese - admin
[2022-08-18T20:13:18.185] [DEBUG] cheese - null
[2022-08-18T20:13:18.185] [DEBUG] cheese - null
[2022-08-18T20:13:27.541] [DEBUG] cheese - login => username:admin,password:123
[2022-08-18T20:13:27.541] [DEBUG] cheese - admin
[2022-08-18T20:13:27.544] [DEBUG] cheese - null
[2022-08-18T20:13:27.544] [DEBUG] cheese - null
[2022-08-18T20:13:31.248] [DEBUG] cheese - login => username:admin,password:123456
[2022-08-18T20:13:31.248] [DEBUG] cheese - admin
[2022-08-18T20:13:31.251] [DEBUG] cheese - null
[2022-08-18T20:13:31.251] [DEBUG] cheese - null
[2022-08-18T20:17:28.746] [DEBUG] cheese - login => username:cjf,password:123
[2022-08-18T20:17:28.746] [DEBUG] cheese - cjf
[2022-08-18T20:17:28.751] [DEBUG] cheese - null
[2022-08-18T20:19:50.272] [DEBUG] cheese - login => username:cjf,password:123
[2022-08-18T20:19:50.274] [DEBUG] cheese - cjf
[2022-08-18T20:21:09.506] [DEBUG] cheese - login => username:cjf,password:123
[2022-08-18T20:21:09.507] [DEBUG] cheese - cjf
[2022-08-18T20:21:09.520] [DEBUG] cheese - null
[2022-08-18T20:21:09.520] [DEBUG] cheese - null
[2022-08-18T20:21:13.331] [DEBUG] cheese - login => username:cjf,password:123
[2022-08-18T20:21:13.332] [DEBUG] cheese - cjf
[2022-08-18T20:21:13.335] [DEBUG] cheese - null
[2022-08-18T20:21:13.336] [DEBUG] cheese - null
[2022-08-18T20:21:17.133] [DEBUG] cheese - login => username:cjf,password:123456
[2022-08-18T20:21:17.134] [DEBUG] cheese - cjf
[2022-08-18T20:21:17.138] [DEBUG] cheese - null
[2022-08-18T20:21:17.138] [DEBUG] cheese - null
[2022-08-18T20:25:28.072] [DEBUG] cheese - login => username:cjf,password:123456
[2022-08-18T20:25:28.072] [DEBUG] cheese - cjf
[2022-08-18T20:25:28.076] [DEBUG] cheese - null
[2022-08-18T20:25:28.077] [DEBUG] cheese - null
[2022-08-18T20:25:36.782] [DEBUG] cheese - login => username:admin,password:12345678
[2022-08-18T20:25:36.782] [DEBUG] cheese - admin
[2022-08-18T20:25:36.785] [DEBUG] cheese - null
[2022-08-18T20:25:36.786] [DEBUG] cheese - null
[2022-08-18T20:25:40.667] [DEBUG] cheese - login => username:admin,password:123456
[2022-08-18T20:25:40.667] [DEBUG] cheese - admin
[2022-08-18T20:25:40.671] [DEBUG] cheese - null
[2022-08-18T20:25:40.671] [DEBUG] cheese - null
[2022-08-18T20:30:26.147] [DEBUG] cheese - login => username:admin,password:123456
[2022-08-18T20:30:26.147] [DEBUG] cheese - admin
[2022-08-18T20:30:26.151] [DEBUG] cheese - null
[2022-08-18T20:30:26.151] [DEBUG] cheese - null
[2022-08-18T20:50:40.766] [DEBUG] cheese - login => username:cjf,password:123456
[2022-08-18T20:50:40.766] [DEBUG] cheese - cjf
[2022-08-18T20:50:40.770] [DEBUG] cheese - null
[2022-08-18T20:50:40.770] [DEBUG] cheese - null
[2022-08-18T20:51:32.733] [DEBUG] cheese - login => username:cjf,password:1234566
[2022-08-18T20:51:32.733] [DEBUG] cheese - cjf
[2022-08-18T20:51:32.740] [DEBUG] cheese - null
[2022-08-18T20:51:32.740] [DEBUG] cheese - null
[2022-08-18T20:51:35.037] [DEBUG] cheese - login => username:cjf,password:123456
[2022-08-18T20:51:35.037] [DEBUG] cheese - cjf
[2022-08-18T20:51:35.040] [DEBUG] cheese - null
[2022-08-18T20:51:35.041] [DEBUG] cheese - null
[2022-08-18T21:31:35.326] [DEBUG] cheese - login => username:cjf,password:123456
[2022-08-18T21:31:35.326] [DEBUG] cheese - cjf
[2022-08-18T21:31:35.331] [DEBUG] cheese - null
[2022-08-18T21:31:35.331] [DEBUG] cheese - null
[2022-08-18T21:32:38.074] [DEBUG] cheese - login => username:admin,password:123456
[2022-08-18T21:32:38.074] [DEBUG] cheese - admin
[2022-08-18T21:32:38.077] [DEBUG] cheese - null
[2022-08-18T21:32:38.077] [DEBUG] cheese - null
[2022-08-18T21:35:06.921] [DEBUG] cheese - login => username:admin,password:123456
[2022-08-18T21:35:06.921] [DEBUG] cheese - admin
[2022-08-18T21:35:06.927] [DEBUG] cheese - null
[2022-08-18T21:35:06.927] [DEBUG] cheese - null
[2022-08-18T21:35:29.009] [DEBUG] cheese - login => username:admin,password:123456
[2022-08-18T21:35:29.010] [DEBUG] cheese - admin
[2022-08-18T21:35:29.013] [DEBUG] cheese - null
[2022-08-18T21:35:29.013] [DEBUG] cheese - null
[2022-08-18T21:40:56.964] [DEBUG] cheese - login => username:admin,password:123456
[2022-08-18T21:40:56.964] [DEBUG] cheese - admin
[2022-08-18T21:40:56.968] [DEBUG] cheese - null
[2022-08-18T21:40:56.968] [DEBUG] cheese - null
[2022-08-18T21:43:26.903] [DEBUG] cheese - login => username:admin,password:123456
[2022-08-18T21:43:26.903] [DEBUG] cheese - admin
[2022-08-18T21:43:26.906] [DEBUG] cheese - null
[2022-08-18T21:43:26.906] [DEBUG] cheese - null
[2022-08-18T21:44:25.580] [DEBUG] cheese - login => username:admin,password:123456
[2022-08-18T21:44:25.580] [DEBUG] cheese - admin
[2022-08-18T21:44:25.583] [DEBUG] cheese - null
[2022-08-18T21:44:25.583] [DEBUG] cheese - null
[2022-08-18T21:45:18.742] [DEBUG] cheese - login => username:admin,password:123456
[2022-08-18T21:45:18.742] [DEBUG] cheese - admin
[2022-08-18T21:45:18.746] [DEBUG] cheese - null
[2022-08-18T21:45:18.746] [DEBUG] cheese - null
[2022-08-18T21:50:05.735] [DEBUG] cheese - login => username:admin,password:123456
[2022-08-18T21:50:05.735] [DEBUG] cheese - admin
[2022-08-18T21:50:05.738] [DEBUG] cheese - null
[2022-08-18T21:50:05.738] [DEBUG] cheese - null
[2022-08-18T22:07:24.514] [DEBUG] cheese - login => username:admin,password:123456
[2022-08-18T22:07:24.514] [DEBUG] cheese - admin
[2022-08-18T22:07:24.518] [DEBUG] cheese - null
[2022-08-18T22:07:24.518] [DEBUG] cheese - null
[2022-08-18T22:08:28.794] [DEBUG] cheese - login => username:admin,password:123456
[2022-08-18T22:08:28.794] [DEBUG] cheese - admin
[2022-08-18T22:08:28.798] [DEBUG] cheese - null
[2022-08-18T22:08:28.798] [DEBUG] cheese - null
[2022-08-18T22:10:53.427] [DEBUG] cheese - login => username:admin,password:123456
[2022-08-18T22:10:53.427] [DEBUG] cheese - admin
[2022-08-18T22:10:53.430] [DEBUG] cheese - null
[2022-08-18T22:10:53.430] [DEBUG] cheese - null
[2022-08-18T22:12:00.788] [DEBUG] cheese - login => username:admin,password:123456
[2022-08-18T22:12:00.788] [DEBUG] cheese - admin
[2022-08-18T22:12:00.792] [DEBUG] cheese - null
[2022-08-18T22:12:00.792] [DEBUG] cheese - null
[2022-08-18T22:14:35.647] [DEBUG] cheese - login => username:admin,password:123456
[2022-08-18T22:14:35.647] [DEBUG] cheese - admin
[2022-08-18T22:14:35.650] [DEBUG] cheese - null
[2022-08-18T22:14:35.651] [DEBUG] cheese - null
[2022-08-18T22:18:58.799] [DEBUG] cheese - login => username:admin,password:123456
[2022-08-18T22:18:58.799] [DEBUG] cheese - admin
[2022-08-18T22:18:58.802] [DEBUG] cheese - null
[2022-08-18T22:18:58.802] [DEBUG] cheese - null
[2022-08-20T20:35:42.272] [DEBUG] cheese - login => username:admin,password:123
[2022-08-20T20:35:42.274] [DEBUG] cheese - admin
[2022-08-20T20:35:42.294] [DEBUG] cheese - null
[2022-08-20T20:35:42.294] [DEBUG] cheese - null
[2022-08-20T20:35:46.932] [DEBUG] cheese - login => username:admin,password:123456
[2022-08-20T20:35:46.933] [DEBUG] cheese - admin
[2022-08-20T20:35:46.936] [DEBUG] cheese - null
[2022-08-20T20:35:46.936] [DEBUG] cheese - null
[2022-08-20T20:36:23.513] [DEBUG] cheese - login => username:admin,password:123456
[2022-08-20T20:36:23.513] [DEBUG] cheese - admin
[2022-08-20T20:36:23.518] [DEBUG] cheese - null
[2022-08-20T20:36:23.518] [DEBUG] cheese - null
[2022-08-20T20:38:37.257] [DEBUG] cheese - login => username:cjf,password:123456
[2022-08-20T20:38:37.257] [DEBUG] cheese - cjf
[2022-08-20T20:38:37.262] [DEBUG] cheese - null
[2022-08-20T20:38:37.262] [DEBUG] cheese - null
[2022-08-20T20:39:20.449] [DEBUG] cheese - login => username:admin,password:123456
[2022-08-20T20:39:20.450] [DEBUG] cheese - admin
[2022-08-20T20:39:20.453] [DEBUG] cheese - null
[2022-08-20T20:39:20.453] [DEBUG] cheese - null
[2022-08-20T20:41:11.937] [DEBUG] cheese - login => username:admin,password:123
[2022-08-20T20:41:11.937] [DEBUG] cheese - admin
[2022-08-20T20:41:11.940] [DEBUG] cheese - null
[2022-08-20T20:41:11.940] [DEBUG] cheese - null
[2022-08-20T20:41:15.902] [DEBUG] cheese - login => username:admin,password:123456
[2022-08-20T20:41:15.903] [DEBUG] cheese - admin
[2022-08-20T20:41:15.906] [DEBUG] cheese - null
[2022-08-20T20:41:15.906] [DEBUG] cheese - null
[2022-08-20T20:41:59.973] [DEBUG] cheese - login => username:cjf,password:123456
[2022-08-20T20:41:59.974] [DEBUG] cheese - cjf
[2022-08-20T20:41:59.978] [DEBUG] cheese - null
[2022-08-20T20:41:59.978] [DEBUG] cheese - null
[2022-08-20T20:42:09.239] [DEBUG] cheese - login => username:admin,password:123456
[2022-08-20T20:42:09.239] [DEBUG] cheese - admin
[2022-08-20T20:42:09.242] [DEBUG] cheese - null
[2022-08-20T20:42:09.242] [DEBUG] cheese - null
[2022-08-20T20:52:17.443] [DEBUG] cheese - login => username:admin,password:123456
[2022-08-20T20:52:17.443] [DEBUG] cheese - admin
[2022-08-20T20:52:17.446] [DEBUG] cheese - null
[2022-08-20T20:52:17.446] [DEBUG] cheese - null
[2022-08-20T21:03:30.141] [DEBUG] cheese - login => username:admin,password:123
[2022-08-20T21:03:30.141] [DEBUG] cheese - admin
[2022-08-20T21:03:30.144] [DEBUG] cheese - null
[2022-08-20T21:03:30.144] [DEBUG] cheese - null
[2022-08-20T21:03:33.336] [DEBUG] cheese - login => username:admin,password:123456
[2022-08-20T21:03:33.336] [DEBUG] cheese - admin
[2022-08-20T21:03:33.339] [DEBUG] cheese - null
[2022-08-20T21:03:33.339] [DEBUG] cheese - null
[2022-08-20T21:04:28.727] [DEBUG] cheese - login => username:admin,password:123456
[2022-08-20T21:04:28.727] [DEBUG] cheese - admin
[2022-08-20T21:04:28.730] [DEBUG] cheese - null
[2022-08-20T21:04:28.730] [DEBUG] cheese - null
[2022-08-20T21:05:04.999] [DEBUG] cheese - login => username:admin,password:123456
[2022-08-20T21:05:05.000] [DEBUG] cheese - admin
[2022-08-20T21:05:05.012] [DEBUG] cheese - null
[2022-08-20T21:05:05.013] [DEBUG] cheese - null
[2022-08-20T21:07:09.255] [DEBUG] cheese - login => username:pc,password:123
[2022-08-20T21:07:09.255] [DEBUG] cheese - pc
[2022-08-20T21:07:09.258] [DEBUG] cheese - null
[2022-08-20T21:08:08.546] [DEBUG] cheese - login => username:admin,password:123456
[2022-08-20T21:08:08.548] [DEBUG] cheese - admin
[2022-08-20T21:08:08.562] [DEBUG] cheese - null
[2022-08-20T21:08:08.563] [DEBUG] cheese - null
[2022-08-20T21:08:24.805] [DEBUG] cheese - login => username:cjf,password:123456
[2022-08-20T21:08:24.806] [DEBUG] cheese - cjf
[2022-08-20T21:08:24.810] [DEBUG] cheese - null
[2022-08-20T21:08:24.810] [DEBUG] cheese - null
[2022-08-20T21:16:48.900] [DEBUG] cheese - login => username:admin,password:123456
[2022-08-20T21:16:48.901] [DEBUG] cheese - admin
[2022-08-20T21:16:48.914] [DEBUG] cheese - null
[2022-08-20T21:16:48.915] [DEBUG] cheese - null
[2022-08-20T21:17:01.064] [DEBUG] cheese - login => username:cjf,password:123456
[2022-08-20T21:17:01.065] [DEBUG] cheese - cjf
[2022-08-20T21:17:01.068] [DEBUG] cheese - null
[2022-08-20T21:17:01.069] [DEBUG] cheese - null
[2022-08-20T21:43:31.113] [DEBUG] cheese - login => username:admin,password:123456
[2022-08-20T21:43:31.113] [DEBUG] cheese - admin
[2022-08-20T21:43:31.119] [DEBUG] cheese - null
[2022-08-20T21:43:31.119] [DEBUG] cheese - null
[2022-08-20T22:16:32.645] [DEBUG] cheese - login => username:admin,password:123456
[2022-08-20T22:16:32.646] [DEBUG] cheese - admin
[2022-08-20T22:16:32.659] [DEBUG] cheese - null
[2022-08-20T22:16:32.660] [DEBUG] cheese - null
[2022-08-20T22:17:28.966] [DEBUG] cheese - login => username:cjf,password:123456
[2022-08-20T22:17:28.966] [DEBUG] cheese - cjf
[2022-08-20T22:17:28.971] [DEBUG] cheese - null
[2022-08-20T22:17:28.971] [DEBUG] cheese - null
[2022-08-20T22:18:19.827] [DEBUG] cheese - login => username:wsc,password:123456
[2022-08-20T22:18:19.828] [DEBUG] cheese - wsc
[2022-08-20T22:18:19.831] [DEBUG] cheese - null
[2022-08-20T22:18:19.832] [DEBUG] cheese - null
[2022-08-20T22:18:21.066] [DEBUG] cheese - login => username:wsc,password:123456
[2022-08-20T22:18:21.066] [DEBUG] cheese - wsc
[2022-08-20T22:18:21.070] [DEBUG] cheese - null
[2022-08-20T22:18:21.070] [DEBUG] cheese - null
[2022-08-20T22:18:21.250] [DEBUG] cheese - login => username:wsc,password:123456
[2022-08-20T22:18:21.250] [DEBUG] cheese - wsc
[2022-08-20T22:18:21.253] [DEBUG] cheese - null
[2022-08-20T22:18:21.253] [DEBUG] cheese - null
[2022-08-20T22:18:24.066] [DEBUG] cheese - login => username:wsc,password:123456
[2022-08-20T22:18:24.066] [DEBUG] cheese - wsc
[2022-08-20T22:18:24.070] [DEBUG] cheese - null
[2022-08-20T22:18:24.070] [DEBUG] cheese - null
[2022-08-20T22:18:25.061] [DEBUG] cheese - login => username:wsc,password:123456
[2022-08-20T22:18:25.061] [DEBUG] cheese - wsc
[2022-08-20T22:18:25.065] [DEBUG] cheese - null
[2022-08-20T22:18:25.065] [DEBUG] cheese - null
[2022-08-20T22:18:35.621] [DEBUG] cheese - login => username:cjf,password:123456
[2022-08-20T22:18:35.621] [DEBUG] cheese - cjf
[2022-08-20T22:18:35.625] [DEBUG] cheese - null
[2022-08-20T22:18:35.626] [DEBUG] cheese - null
[2022-08-20T22:19:36.645] [DEBUG] cheese - login => username:wsc,password:123456
[2022-08-20T22:19:36.645] [DEBUG] cheese - wsc
[2022-08-20T22:19:36.649] [DEBUG] cheese - null
[2022-08-20T22:19:36.649] [DEBUG] cheese - null
[2022-08-20T22:52:23.259] [DEBUG] cheese - login => username:admin,password:123456
[2022-08-20T22:52:23.259] [DEBUG] cheese - admin
[2022-08-20T22:52:23.262] [DEBUG] cheese - null
[2022-08-20T22:52:23.262] [DEBUG] cheese - null
[2022-08-20T23:26:53.371] [DEBUG] cheese - login => username:wsc,password:123456
[2022-08-20T23:26:53.371] [DEBUG] cheese - wsc
[2022-08-20T23:26:53.374] [DEBUG] cheese - null
[2022-08-20T23:26:53.374] [DEBUG] cheese - null
[2022-08-21T16:09:38.837] [DEBUG] cheese - login => username:admin,password:123456
[2022-08-21T16:09:38.839] [DEBUG] cheese - admin
[2022-08-21T16:09:38.853] [DEBUG] cheese - null
[2022-08-21T16:09:38.853] [DEBUG] cheese - null
[2022-08-21T16:29:58.922] [DEBUG] cheese - login => username:内马尔,password:123
[2022-08-21T16:29:58.922] [DEBUG] cheese - 内马尔
[2022-08-21T16:29:58.925] [DEBUG] cheese - null
[2022-08-21T16:29:58.925] [DEBUG] cheese - null
[2022-08-21T16:31:58.412] [DEBUG] cheese - null
[2022-08-21T16:31:58.417] [DEBUG] cheese - null
[2022-08-21T16:32:00.532] [DEBUG] cheese - null
[2022-08-21T16:32:00.537] [DEBUG] cheese - null
[2022-08-21T16:32:02.613] [DEBUG] cheese - null
[2022-08-21T16:32:02.618] [DEBUG] cheese - null
[2022-08-21T16:32:16.706] [DEBUG] cheese - null
[2022-08-21T16:32:16.711] [DEBUG] cheese - null
[2022-08-21T16:32:17.002] [DEBUG] cheese - null
[2022-08-21T16:32:17.005] [DEBUG] cheese - null
[2022-08-21T16:32:17.259] [DEBUG] cheese - null
[2022-08-21T16:32:17.263] [DEBUG] cheese - null
[2022-08-21T16:32:17.455] [DEBUG] cheese - null
[2022-08-21T16:32:17.457] [DEBUG] cheese - null
[2022-08-21T16:32:17.688] [DEBUG] cheese - null
[2022-08-21T16:32:17.693] [DEBUG] cheese - null
[2022-08-21T16:32:17.885] [DEBUG] cheese - null
[2022-08-21T16:32:17.888] [DEBUG] cheese - null
[2022-08-21T16:32:18.084] [DEBUG] cheese - null
[2022-08-21T16:32:18.088] [DEBUG] cheese - null
[2022-08-21T16:32:18.279] [DEBUG] cheese - null
[2022-08-21T16:32:18.282] [DEBUG] cheese - null
[2022-08-21T16:32:18.527] [DEBUG] cheese - null
[2022-08-21T16:32:18.530] [DEBUG] cheese - null
[2022-08-21T16:32:18.733] [DEBUG] cheese - null
[2022-08-21T16:32:18.736] [DEBUG] cheese - null
[2022-08-21T16:32:18.980] [DEBUG] cheese - null
[2022-08-21T16:32:18.985] [DEBUG] cheese - null
[2022-08-21T16:32:19.213] [DEBUG] cheese - null
[2022-08-21T16:32:19.217] [DEBUG] cheese - null
[2022-08-21T16:32:19.467] [DEBUG] cheese - null
[2022-08-21T16:32:19.471] [DEBUG] cheese - null
[2022-08-21T16:32:19.686] [DEBUG] cheese - null
[2022-08-21T16:32:19.688] [DEBUG] cheese - null
[2022-08-21T16:32:19.880] [DEBUG] cheese - null
[2022-08-21T16:32:19.883] [DEBUG] cheese - null
[2022-08-21T16:32:20.092] [DEBUG] cheese - null
[2022-08-21T16:32:20.095] [DEBUG] cheese - null
[2022-08-21T16:32:20.434] [DEBUG] cheese - null
[2022-08-21T16:32:20.438] [DEBUG] cheese - null
[2022-08-21T16:32:20.690] [DEBUG] cheese - null
[2022-08-21T16:32:20.694] [DEBUG] cheese - null
[2022-08-21T16:32:20.978] [DEBUG] cheese - null
[2022-08-21T16:32:20.982] [DEBUG] cheese - null
[2022-08-21T16:32:21.203] [DEBUG] cheese - null
[2022-08-21T16:32:21.206] [DEBUG] cheese - null
[2022-08-21T16:32:21.418] [DEBUG] cheese - null
[2022-08-21T16:32:21.425] [DEBUG] cheese - null
[2022-08-21T16:32:21.846] [DEBUG] cheese - null
[2022-08-21T16:32:21.849] [DEBUG] cheese - null
[2022-08-21T16:32:22.128] [DEBUG] cheese - null
[2022-08-21T16:32:22.132] [DEBUG] cheese - null
[2022-08-21T16:32:22.414] [DEBUG] cheese - null
[2022-08-21T16:32:22.418] [DEBUG] cheese - null
[2022-08-21T16:32:22.670] [DEBUG] cheese - null
[2022-08-21T16:32:22.673] [DEBUG] cheese - null
[2022-08-21T16:32:23.009] [DEBUG] cheese - null
[2022-08-21T16:32:23.012] [DEBUG] cheese - null
[2022-08-21T16:32:23.474] [DEBUG] cheese - null
[2022-08-21T16:32:23.477] [DEBUG] cheese - null
[2022-08-21T16:32:23.752] [DEBUG] cheese - null
[2022-08-21T16:32:23.755] [DEBUG] cheese - null
[2022-08-21T16:32:23.992] [DEBUG] cheese - null
[2022-08-21T16:32:23.994] [DEBUG] cheese - null
[2022-08-21T16:32:24.297] [DEBUG] cheese - null
[2022-08-21T16:32:24.300] [DEBUG] cheese - null
[2022-08-21T16:32:24.584] [DEBUG] cheese - null
[2022-08-21T16:32:24.591] [DEBUG] cheese - null
[2022-08-21T16:32:24.957] [DEBUG] cheese - null
[2022-08-21T16:32:24.961] [DEBUG] cheese - null
[2022-08-21T16:32:25.314] [DEBUG] cheese - null
[2022-08-21T16:32:25.321] [DEBUG] cheese - null
[2022-08-21T16:32:26.318] [DEBUG] cheese - null
[2022-08-21T16:32:26.320] [DEBUG] cheese - null
[2022-08-21T16:34:58.804] [DEBUG] cheese - null
[2022-08-21T16:34:58.808] [DEBUG] cheese - null
[2022-08-21T16:34:59.485] [DEBUG] cheese - null
[2022-08-21T16:34:59.488] [DEBUG] cheese - null
[2022-08-21T16:35:02.361] [DEBUG] cheese - null
[2022-08-21T16:35:02.364] [DEBUG] cheese - null
[2022-08-21T16:35:11.917] [DEBUG] cheese - null
[2022-08-21T16:35:11.919] [DEBUG] cheese - null
[2022-08-21T16:35:21.556] [DEBUG] cheese - login => username:admin,password:123
[2022-08-21T16:35:21.556] [DEBUG] cheese - admin
[2022-08-21T16:35:21.559] [DEBUG] cheese - null
[2022-08-21T16:35:21.559] [DEBUG] cheese - null
[2022-08-21T16:35:25.618] [DEBUG] cheese - login => username:admin,password:123456
[2022-08-21T16:35:25.618] [DEBUG] cheese - admin
[2022-08-21T16:35:25.620] [DEBUG] cheese - null
[2022-08-21T16:35:25.620] [DEBUG] cheese - null
[2022-08-21T16:35:27.614] [DEBUG] cheese - null
[2022-08-21T16:35:27.619] [DEBUG] cheese - null
[2022-08-21T16:36:13.410] [DEBUG] cheese - login => username:admin,password:123456
[2022-08-21T16:36:13.411] [DEBUG] cheese - admin
[2022-08-21T16:36:13.423] [DEBUG] cheese - null
[2022-08-21T16:36:13.423] [DEBUG] cheese - null
[2022-08-21T16:36:26.389] [DEBUG] cheese - login => username:cjf,password:123456
[2022-08-21T16:36:26.389] [DEBUG] cheese - cjf
[2022-08-21T16:36:26.393] [DEBUG] cheese - null
[2022-08-21T16:36:26.393] [DEBUG] cheese - null
[2022-08-21T17:47:11.577] [DEBUG] cheese - login => username:admin,password:123456
[2022-08-21T17:47:11.577] [DEBUG] cheese - admin
[2022-08-21T17:47:11.581] [DEBUG] cheese - null
[2022-08-21T17:47:11.582] [DEBUG] cheese - null
[2022-08-21T19:09:51.231] [DEBUG] cheese - login => username:cjf,password:123456
[2022-08-21T19:09:51.231] [DEBUG] cheese - cjf
[2022-08-21T19:09:51.233] [DEBUG] cheese - null
[2022-08-21T19:09:51.233] [DEBUG] cheese - null
[2022-08-21T19:10:19.634] [DEBUG] cheese - login => username:admin,password:123456
[2022-08-21T19:10:19.636] [DEBUG] cheese - admin
[2022-08-21T19:10:19.649] [DEBUG] cheese - null
[2022-08-21T19:10:19.650] [DEBUG] cheese - null
[2022-08-21T19:10:36.584] [DEBUG] cheese - login => username:cjf,password:123456
[2022-08-21T19:10:36.584] [DEBUG] cheese - cjf
[2022-08-21T19:10:36.588] [DEBUG] cheese - null
[2022-08-21T19:10:36.588] [DEBUG] cheese - null
[2022-08-21T20:13:43.317] [DEBUG] cheese - login => username:cjf,password:123
[2022-08-21T20:13:43.318] [DEBUG] cheese - cjf
[2022-08-21T20:13:43.321] [DEBUG] cheese - null
[2022-08-21T20:13:43.322] [DEBUG] cheese - null
[2022-08-21T20:13:47.086] [DEBUG] cheese - login => username:cjf,password:123456
[2022-08-21T20:13:47.086] [DEBUG] cheese - cjf
[2022-08-21T20:13:47.088] [DEBUG] cheese - null
[2022-08-21T20:13:47.089] [DEBUG] cheese - null
[2022-08-21T20:14:16.584] [DEBUG] cheese - login => username:admin,password:123456
[2022-08-21T20:14:16.584] [DEBUG] cheese - admin
[2022-08-21T20:14:16.588] [DEBUG] cheese - null
[2022-08-21T20:14:16.588] [DEBUG] cheese - null
[2022-08-21T20:14:43.903] [DEBUG] cheese - login => username:cjf,password:123456
[2022-08-21T20:14:43.903] [DEBUG] cheese - cjf
[2022-08-21T20:14:43.906] [DEBUG] cheese - null
[2022-08-21T20:14:43.906] [DEBUG] cheese - null
